{
  "0 debug pnpm:scope": {
    "selected": 1
  },
  "1 info pnpm": {
    "err": {
      "name": "Error",
      "message": "not found: electron:dev",
      "code": "ENOENT",
      "stack": "Error: not found: electron:dev\n    at getNotFoundError (C:\\Users\\jakob\\AppData\\Roaming\\npm\\node_modules\\pnpm\\dist\\pnpm.cjs:41440:51)\n    at Function.whichSync [as sync] (C:\\Users\\jakob\\AppData\\Roaming\\npm\\node_modules\\pnpm\\dist\\pnpm.cjs:41517:13)\n    at getCommandAbsolutePathSync (C:\\Users\\jakob\\AppData\\Roaming\\npm\\node_modules\\pnpm\\dist\\pnpm.cjs:43082:44)\n    at default_1 (C:\\Users\\jakob\\AppData\\Roaming\\npm\\node_modules\\pnpm\\dist\\pnpm.cjs:43091:32)\n    at C:\\Users\\jakob\\AppData\\Roaming\\npm\\node_modules\\pnpm\\dist\\pnpm.cjs:179684:39"
    }
  },
  "2 error pnpm": {
    "code": "ERR_PNPM_RECURSIVE_EXEC_FIRST_FAIL",
    "prefix": "C:\\Users\\jakob\\Desktop\\GitHub\\YAUTPA",
    "err": {
      "name": "pnpm",
      "message": "not found: electron:dev",
      "code": "ERR_PNPM_RECURSIVE_EXEC_FIRST_FAIL",
      "stack": "Error: not found: electron:dev\n    at getNotFoundError (C:\\Users\\jakob\\AppData\\Roaming\\npm\\node_modules\\pnpm\\dist\\pnpm.cjs:41440:51)\n    at Function.whichSync [as sync] (C:\\Users\\jakob\\AppData\\Roaming\\npm\\node_modules\\pnpm\\dist\\pnpm.cjs:41517:13)\n    at getCommandAbsolutePathSync (C:\\Users\\jakob\\AppData\\Roaming\\npm\\node_modules\\pnpm\\dist\\pnpm.cjs:43082:44)\n    at default_1 (C:\\Users\\jakob\\AppData\\Roaming\\npm\\node_modules\\pnpm\\dist\\pnpm.cjs:43091:32)\n    at C:\\Users\\jakob\\AppData\\Roaming\\npm\\node_modules\\pnpm\\dist\\pnpm.cjs:179684:39"
    }
  }
}